# JRE version: Java(TM) SE Runtime Environment (7.0_80-b15) (build 1.7.0_80-b15)
# Java VM: Java HotSpot(TM) 64-Bit Server VM (24.80-b11 mixed mode bsd-amd64 compressed oops)
Heap
 PSYoungGen      total 152064K, used 102514K [0x00000007d5500000, 0x00000007dfa00000, 0x0000000800000000)
  eden space 135168K, 73% used [0x00000007d5500000,0x00000007db5dea10,0x00000007dd900000)
  from space 16896K, 19% used [0x00000007de980000,0x00000007decbde28,0x00000007dfa00000)
  to   space 16896K, 0% used [0x00000007dd900000,0x00000007dd900000,0x00000007de980000)
 ParOldGen       total 87040K, used 24646K [0x0000000780000000, 0x0000000785500000, 0x00000007d5500000)
  object space 87040K, 28% used [0x0000000780000000,0x0000000781811930,0x0000000785500000)
 PSPermGen       total 33280K, used 32876K [0x000000077ae00000, 0x000000077ce80000, 0x0000000780000000)
  object space 33280K, 98% used [0x000000077ae00000,0x000000077ce1b260,0x000000077ce80000)
GC Heap History (10 events):
Event: 5.304 GC heap before
{Heap before GC invocations=2 (full 0):
 PSYoungGen      total 38912K, used 38899K [0x00000007d5500000, 0x00000007d8000000, 0x0000000800000000)
  eden space 33792K, 100% used [0x00000007d5500000,0x00000007d7600000,0x00000007d7600000)
  from space 5120K, 99% used [0x00000007d7600000,0x00000007d7afcc90,0x00000007d7b00000)
  to   space 5120K, 0% used [0x00000007d7b00000,0x00000007d7b00000,0x00000007d8000000)
 ParOldGen       total 87040K, used 2953K [0x0000000780000000, 0x0000000785500000, 0x00000007d5500000)
  object space 87040K, 3% used [0x0000000780000000,0x00000007802e24f0,0x0000000785500000)
 PSPermGen       total 29696K, used 29371K [0x000000077ae00000, 0x000000077cb00000, 0x0000000780000000)
  object space 29696K, 98% used [0x000000077ae00000,0x000000077caaeef0,0x000000077cb00000)
Event: 5.321 GC heap after
Heap after GC invocations=2 (full 0):
 PSYoungGen      total 38912K, used 5108K [0x00000007d5500000, 0x00000007da100000, 0x0000000800000000)
  eden space 33792K, 0% used [0x00000007d5500000,0x00000007d5500000,0x00000007d7600000)
  from space 5120K, 99% used [0x00000007d7b00000,0x00000007d7ffd3d8,0x00000007d8000000)
  to   space 5120K, 0% used [0x00000007d7600000,0x00000007d7600000,0x00000007d7b00000)
 ParOldGen       total 87040K, used 13733K [0x0000000780000000, 0x0000000785500000, 0x00000007d5500000)
  object space 87040K, 15% used [0x0000000780000000,0x0000000780d69628,0x0000000785500000)
 PSPermGen       total 29696K, used 29371K [0x000000077ae00000, 0x000000077cb00000, 0x0000000780000000)
  object space 29696K, 98% used [0x000000077ae00000,0x000000077caaeef0,0x000000077cb00000)
}
Event: 5.444 GC heap before
{Heap before GC invocations=3 (full 0):
 PSYoungGen      total 38912K, used 38845K [0x00000007d5500000, 0x00000007da100000, 0x0000000800000000)
  eden space 33792K, 99% used [0x00000007d5500000,0x00000007d75f2310,0x00000007d7600000)
  from space 5120K, 99% used [0x00000007d7b00000,0x00000007d7ffd3d8,0x00000007d8000000)
  to   space 5120K, 0% used [0x00000007d7600000,0x00000007d7600000,0x00000007d7b00000)
 ParOldGen       total 87040K, used 13733K [0x0000000780000000, 0x0000000785500000, 0x00000007d5500000)
  object space 87040K, 15% used [0x0000000780000000,0x0000000780d69628,0x0000000785500000)
 PSPermGen       total 30208K, used 29792K [0x000000077ae00000, 0x000000077cb80000, 0x0000000780000000)
  object space 30208K, 98% used [0x000000077ae00000,0x000000077cb181c8,0x000000077cb80000)
Event: 5.449 GC heap after
Heap after GC invocations=3 (full 0):
 PSYoungGen      total 38912K, used 5095K [0x00000007d5500000, 0x00000007da100000, 0x0000000800000000)
  eden space 33792K, 0% used [0x00000007d5500000,0x00000007d5500000,0x00000007d7600000)
  from space 5120K, 99% used [0x00000007d7600000,0x00000007d7af9ee0,0x00000007d7b00000)
  to   space 5120K, 0% used [0x00000007d9c00000,0x00000007d9c00000,0x00000007da100000)
 ParOldGen       total 87040K, used 14344K [0x0000000780000000, 0x0000000785500000, 0x00000007d5500000)
  object space 87040K, 16% used [0x0000000780000000,0x0000000780e02018,0x0000000785500000)
 PSPermGen       total 30208K, used 29792K [0x000000077ae00000, 0x000000077cb80000, 0x0000000780000000)
  object space 30208K, 98% used [0x000000077ae00000,0x000000077cb181c8,0x000000077cb80000)
}
Event: 5.455 GC heap before
{Heap before GC invocations=4 (full 0):
 PSYoungGen      total 38912K, used 38800K [0x00000007d5500000, 0x00000007da100000, 0x0000000800000000)
  eden space 33792K, 99% used [0x00000007d5500000,0x00000007d75ea500,0x00000007d7600000)
  from space 5120K, 99% used [0x00000007d7600000,0x00000007d7af9ee0,0x00000007d7b00000)
  to   space 5120K, 0% used [0x00000007d9c00000,0x00000007d9c00000,0x00000007da100000)
 ParOldGen       total 87040K, used 14344K [0x0000000780000000, 0x0000000785500000, 0x00000007d5500000)
  object space 87040K, 16% used [0x0000000780000000,0x0000000780e02018,0x0000000785500000)
 PSPermGen       total 30208K, used 29792K [0x000000077ae00000, 0x000000077cb80000, 0x0000000780000000)
  object space 30208K, 98% used [0x000000077ae00000,0x000000077cb181c8,0x000000077cb80000)
Event: 5.462 GC heap after
Heap after GC invocations=4 (full 0):
 PSYoungGen      total 72704K, used 5111K [0x00000007d5500000, 0x00000007da100000, 0x0000000800000000)
  eden space 67584K, 0% used [0x00000007d5500000,0x00000007d5500000,0x00000007d9700000)
  from space 5120K, 99% used [0x00000007d9c00000,0x00000007da0fdef0,0x00000007da100000)
  to   space 5120K, 0% used [0x00000007d9700000,0x00000007d9700000,0x00000007d9c00000)
 ParOldGen       total 87040K, used 18529K [0x0000000780000000, 0x0000000785500000, 0x00000007d5500000)
  object space 87040K, 21% used [0x0000000780000000,0x0000000781218440,0x0000000785500000)
 PSPermGen       total 30208K, used 29792K [0x000000077ae00000, 0x000000077cb80000, 0x0000000780000000)
  object space 30208K, 98% used [0x000000077ae00000,0x000000077cb181c8,0x000000077cb80000)
}
Event: 5.485 GC heap before
{Heap before GC invocations=5 (full 0):
 PSYoungGen      total 72704K, used 72655K [0x00000007d5500000, 0x00000007da100000, 0x0000000800000000)
  eden space 67584K, 99% used [0x00000007d5500000,0x00000007d96f5e80,0x00000007d9700000)
  from space 5120K, 99% used [0x00000007d9c00000,0x00000007da0fdef0,0x00000007da100000)
  to   space 5120K, 0% used [0x00000007d9700000,0x00000007d9700000,0x00000007d9c00000)
 ParOldGen       total 87040K, used 18529K [0x0000000780000000, 0x0000000785500000, 0x00000007d5500000)
  object space 87040K, 21% used [0x0000000780000000,0x0000000781218440,0x0000000785500000)
 PSPermGen       total 30208K, used 29803K [0x000000077ae00000, 0x000000077cb80000, 0x0000000780000000)
  object space 30208K, 98% used [0x000000077ae00000,0x000000077cb1ad98,0x000000077cb80000)
Event: 5.492 GC heap after
Heap after GC invocations=5 (full 0):
 PSYoungGen      total 72704K, used 3256K [0x00000007d5500000, 0x00000007dfa00000, 0x0000000800000000)
  eden space 67584K, 0% used [0x00000007d5500000,0x00000007d5500000,0x00000007d9700000)
  from space 5120K, 63% used [0x00000007d9700000,0x00000007d9a2e0b8,0x00000007d9c00000)
  to   space 16896K, 0% used [0x00000007de980000,0x00000007de980000,0x00000007dfa00000)
 ParOldGen       total 87040K, used 24646K [0x0000000780000000, 0x0000000785500000, 0x00000007d5500000)
  object space 87040K, 28% used [0x0000000780000000,0x0000000781811930,0x0000000785500000)
 PSPermGen       total 30208K, used 29803K [0x000000077ae00000, 0x000000077cb80000, 0x0000000780000000)
  object space 30208K, 98% used [0x000000077ae00000,0x000000077cb1ad98,0x000000077cb80000)
}
Event: 5.504 GC heap before
{Heap before GC invocations=6 (full 0):
 PSYoungGen      total 72704K, used 70742K [0x00000007d5500000, 0x00000007dfa00000, 0x0000000800000000)
  eden space 67584K, 99% used [0x00000007d5500000,0x00000007d96e7ab0,0x00000007d9700000)
  from space 5120K, 63% used [0x00000007d9700000,0x00000007d9a2e0b8,0x00000007d9c00000)
  to   space 16896K, 0% used [0x00000007de980000,0x00000007de980000,0x00000007dfa00000)
 ParOldGen       total 87040K, used 24646K [0x0000000780000000, 0x0000000785500000, 0x00000007d5500000)
  object space 87040K, 28% used [0x0000000780000000,0x0000000781811930,0x0000000785500000)
 PSPermGen       total 30208K, used 29803K [0x000000077ae00000, 0x000000077cb80000, 0x0000000780000000)
  object space 30208K, 98% used [0x000000077ae00000,0x000000077cb1ad98,0x000000077cb80000)
Event: 5.509 GC heap after
Heap after GC invocations=6 (full 0):
 PSYoungGen      total 152064K, used 3319K [0x00000007d5500000, 0x00000007dfa00000, 0x0000000800000000)
  eden space 135168K, 0% used [0x00000007d5500000,0x00000007d5500000,0x00000007dd900000)
  from space 16896K, 19% used [0x00000007de980000,0x00000007decbde28,0x00000007dfa00000)
  to   space 16896K, 0% used [0x00000007dd900000,0x00000007dd900000,0x00000007de980000)
 ParOldGen       total 87040K, used 24646K [0x0000000780000000, 0x0000000785500000, 0x00000007d5500000)
  object space 87040K, 28% used [0x0000000780000000,0x0000000781811930,0x0000000785500000)
 PSPermGen       total 30208K, used 29803K [0x000000077ae00000, 0x000000077cb80000, 0x0000000780000000)
  object space 30208K, 98% used [0x000000077ae00000,0x000000077cb1ad98,0x000000077cb80000)
}

