# JRE version: Java(TM) SE Runtime Environment (7.0_80-b15) (build 1.7.0_80-b15)
# Java VM: Java HotSpot(TM) 64-Bit Server VM (24.80-b11 mixed mode bsd-amd64 compressed oops)
Heap
 PSYoungGen      total 152064K, used 102123K [0x00000007d5500000, 0x00000007dfa00000, 0x0000000800000000)
  eden space 135168K, 71% used [0x00000007d5500000,0x00000007db3a5648,0x00000007dd900000)
  from space 16896K, 30% used [0x00000007de980000,0x00000007dee959a8,0x00000007dfa00000)
  to   space 16896K, 0% used [0x00000007dd900000,0x00000007dd900000,0x00000007de980000)
 ParOldGen       total 87040K, used 19029K [0x0000000780000000, 0x0000000785500000, 0x00000007d5500000)
  object space 87040K, 21% used [0x0000000780000000,0x0000000781295640,0x0000000785500000)
 PSPermGen       total 33280K, used 32779K [0x000000077ae00000, 0x000000077ce80000, 0x0000000780000000)
  object space 33280K, 98% used [0x000000077ae00000,0x000000077ce02cf0,0x000000077ce80000)
GC Heap History (10 events):
Event: 9.346 GC heap before
{Heap before GC invocations=2 (full 0):
 PSYoungGen      total 38912K, used 37805K [0x00000007d5500000, 0x00000007d8000000, 0x0000000800000000)
  eden space 33792K, 96% used [0x00000007d5500000,0x00000007d74ee890,0x00000007d7600000)
  from space 5120K, 99% used [0x00000007d7600000,0x00000007d7afcc90,0x00000007d7b00000)
  to   space 5120K, 0% used [0x00000007d7b00000,0x00000007d7b00000,0x00000007d8000000)
 ParOldGen       total 87040K, used 7060K [0x0000000780000000, 0x0000000785500000, 0x00000007d5500000)
  object space 87040K, 8% used [0x0000000780000000,0x00000007806e5020,0x0000000785500000)
 PSPermGen       total 29696K, used 29309K [0x000000077ae00000, 0x000000077cb00000, 0x0000000780000000)
  object space 29696K, 98% used [0x000000077ae00000,0x000000077ca9f4e0,0x000000077cb00000)
Event: 9.361 GC heap after
Heap after GC invocations=2 (full 0):
 PSYoungGen      total 38912K, used 5088K [0x00000007d5500000, 0x00000007da100000, 0x0000000800000000)
  eden space 33792K, 0% used [0x00000007d5500000,0x00000007d5500000,0x00000007d7600000)
  from space 5120K, 99% used [0x00000007d7b00000,0x00000007d7ff82a0,0x00000007d8000000)
  to   space 5120K, 0% used [0x00000007d7600000,0x00000007d7600000,0x00000007d7b00000)
 ParOldGen       total 87040K, used 16349K [0x0000000780000000, 0x0000000785500000, 0x00000007d5500000)
  object space 87040K, 18% used [0x0000000780000000,0x0000000780ff76a0,0x0000000785500000)
 PSPermGen       total 29696K, used 29309K [0x000000077ae00000, 0x000000077cb00000, 0x0000000780000000)
  object space 29696K, 98% used [0x000000077ae00000,0x000000077ca9f4e0,0x000000077cb00000)
}
Event: 9.502 GC heap before
{Heap before GC invocations=3 (full 0):
 PSYoungGen      total 38912K, used 38831K [0x00000007d5500000, 0x00000007da100000, 0x0000000800000000)
  eden space 33792K, 99% used [0x00000007d5500000,0x00000007d75f3b70,0x00000007d7600000)
  from space 5120K, 99% used [0x00000007d7b00000,0x00000007d7ff82a0,0x00000007d8000000)
  to   space 5120K, 0% used [0x00000007d7600000,0x00000007d7600000,0x00000007d7b00000)
 ParOldGen       total 87040K, used 16349K [0x0000000780000000, 0x0000000785500000, 0x00000007d5500000)
  object space 87040K, 18% used [0x0000000780000000,0x0000000780ff76a0,0x0000000785500000)
 PSPermGen       total 30208K, used 29846K [0x000000077ae00000, 0x000000077cb80000, 0x0000000780000000)
  object space 30208K, 98% used [0x000000077ae00000,0x000000077cb25bd0,0x000000077cb80000)
Event: 9.511 GC heap after
Heap after GC invocations=3 (full 0):
 PSYoungGen      total 38912K, used 5101K [0x00000007d5500000, 0x00000007da100000, 0x0000000800000000)
  eden space 33792K, 0% used [0x00000007d5500000,0x00000007d5500000,0x00000007d7600000)
  from space 5120K, 99% used [0x00000007d7600000,0x00000007d7afb5e8,0x00000007d7b00000)
  to   space 5120K, 0% used [0x00000007d9c00000,0x00000007d9c00000,0x00000007da100000)
 ParOldGen       total 87040K, used 18622K [0x0000000780000000, 0x0000000785500000, 0x00000007d5500000)
  object space 87040K, 21% used [0x0000000780000000,0x000000078122fb80,0x0000000785500000)
 PSPermGen       total 30208K, used 29846K [0x000000077ae00000, 0x000000077cb80000, 0x0000000780000000)
  object space 30208K, 98% used [0x000000077ae00000,0x000000077cb25bd0,0x000000077cb80000)
}
Event: 9.524 GC heap before
{Heap before GC invocations=4 (full 0):
 PSYoungGen      total 38912K, used 38887K [0x00000007d5500000, 0x00000007da100000, 0x0000000800000000)
  eden space 33792K, 99% used [0x00000007d5500000,0x00000007d75fe7e0,0x00000007d7600000)
  from space 5120K, 99% used [0x00000007d7600000,0x00000007d7afb5e8,0x00000007d7b00000)
  to   space 5120K, 0% used [0x00000007d9c00000,0x00000007d9c00000,0x00000007da100000)
 ParOldGen       total 87040K, used 18622K [0x0000000780000000, 0x0000000785500000, 0x00000007d5500000)
  object space 87040K, 21% used [0x0000000780000000,0x000000078122fb80,0x0000000785500000)
 PSPermGen       total 30208K, used 29866K [0x000000077ae00000, 0x000000077cb80000, 0x0000000780000000)
  object space 30208K, 98% used [0x000000077ae00000,0x000000077cb2abb8,0x000000077cb80000)
Event: 9.532 GC heap after
Heap after GC invocations=4 (full 0):
 PSYoungGen      total 72704K, used 5104K [0x00000007d5500000, 0x00000007da100000, 0x0000000800000000)
  eden space 67584K, 0% used [0x00000007d5500000,0x00000007d5500000,0x00000007d9700000)
  from space 5120K, 99% used [0x00000007d9c00000,0x00000007da0fc2b0,0x00000007da100000)
  to   space 5120K, 0% used [0x00000007d9700000,0x00000007d9700000,0x00000007d9c00000)
 ParOldGen       total 87040K, used 18909K [0x0000000780000000, 0x0000000785500000, 0x00000007d5500000)
  object space 87040K, 21% used [0x0000000780000000,0x0000000781277630,0x0000000785500000)
 PSPermGen       total 30208K, used 29866K [0x000000077ae00000, 0x000000077cb80000, 0x0000000780000000)
  object space 30208K, 98% used [0x000000077ae00000,0x000000077cb2abb8,0x000000077cb80000)
}
Event: 9.558 GC heap before
{Heap before GC invocations=5 (full 0):
 PSYoungGen      total 72704K, used 72593K [0x00000007d5500000, 0x00000007da100000, 0x0000000800000000)
  eden space 67584K, 99% used [0x00000007d5500000,0x00000007d96e8218,0x00000007d9700000)
  from space 5120K, 99% used [0x00000007d9c00000,0x00000007da0fc2b0,0x00000007da100000)
  to   space 5120K, 0% used [0x00000007d9700000,0x00000007d9700000,0x00000007d9c00000)
 ParOldGen       total 87040K, used 18909K [0x0000000780000000, 0x0000000785500000, 0x00000007d5500000)
  object space 87040K, 21% used [0x0000000780000000,0x0000000781277630,0x0000000785500000)
 PSPermGen       total 30208K, used 29879K [0x000000077ae00000, 0x000000077cb80000, 0x0000000780000000)
  object space 30208K, 98% used [0x000000077ae00000,0x000000077cb2def8,0x000000077cb80000)
Event: 9.567 GC heap after
Heap after GC invocations=5 (full 0):
 PSYoungGen      total 72704K, used 5111K [0x00000007d5500000, 0x00000007dfa00000, 0x0000000800000000)
  eden space 67584K, 0% used [0x00000007d5500000,0x00000007d5500000,0x00000007d9700000)
  from space 5120K, 99% used [0x00000007d9700000,0x00000007d9bfdc38,0x00000007d9c00000)
  to   space 16896K, 0% used [0x00000007de980000,0x00000007de980000,0x00000007dfa00000)
 ParOldGen       total 87040K, used 19029K [0x0000000780000000, 0x0000000785500000, 0x00000007d5500000)
  object space 87040K, 21% used [0x0000000780000000,0x0000000781295640,0x0000000785500000)
 PSPermGen       total 30208K, used 29879K [0x000000077ae00000, 0x000000077cb80000, 0x0000000780000000)
  object space 30208K, 98% used [0x000000077ae00000,0x000000077cb2def8,0x000000077cb80000)
}
Event: 9.580 GC heap before
{Heap before GC invocations=6 (full 0):
 PSYoungGen      total 72704K, used 72642K [0x00000007d5500000, 0x00000007dfa00000, 0x0000000800000000)
  eden space 67584K, 99% used [0x00000007d5500000,0x00000007d96f2be8,0x00000007d9700000)
  from space 5120K, 99% used [0x00000007d9700000,0x00000007d9bfdc38,0x00000007d9c00000)
  to   space 16896K, 0% used [0x00000007de980000,0x00000007de980000,0x00000007dfa00000)
 ParOldGen       total 87040K, used 19029K [0x0000000780000000, 0x0000000785500000, 0x00000007d5500000)
  object space 87040K, 21% used [0x0000000780000000,0x0000000781295640,0x0000000785500000)
 PSPermGen       total 30208K, used 29880K [0x000000077ae00000, 0x000000077cb80000, 0x0000000780000000)
  object space 30208K, 98% used [0x000000077ae00000,0x000000077cb2e3e0,0x000000077cb80000)
Event: 9.588 GC heap after
Heap after GC invocations=6 (full 0):
 PSYoungGen      total 152064K, used 5206K [0x00000007d5500000, 0x00000007dfa00000, 0x0000000800000000)
  eden space 135168K, 0% used [0x00000007d5500000,0x00000007d5500000,0x00000007dd900000)
  from space 16896K, 30% used [0x00000007de980000,0x00000007dee959a8,0x00000007dfa00000)
  to   space 16896K, 0% used [0x00000007dd900000,0x00000007dd900000,0x00000007de980000)
 ParOldGen       total 87040K, used 19029K [0x0000000780000000, 0x0000000785500000, 0x00000007d5500000)
  object space 87040K, 21% used [0x0000000780000000,0x0000000781295640,0x0000000785500000)
 PSPermGen       total 30208K, used 29880K [0x000000077ae00000, 0x000000077cb80000, 0x0000000780000000)
  object space 30208K, 98% used [0x000000077ae00000,0x000000077cb2e3e0,0x000000077cb80000)
}

