# JRE version: Java(TM) SE Runtime Environment (7.0_80-b15) (build 1.7.0_80-b15)
# Java VM: Java HotSpot(TM) 64-Bit Server VM (24.80-b11 mixed mode bsd-amd64 compressed oops)
Heap
 PSYoungGen      total 147456K, used 107700K [0x00000007d5500000, 0x00000007df300000, 0x0000000800000000)
  eden space 134656K, 76% used [0x00000007d5500000,0x00000007db8f4508,0x00000007dd880000)
  from space 12800K, 41% used [0x00000007de580000,0x00000007deab8e18,0x00000007df200000)
  to   space 13312K, 0% used [0x00000007dd880000,0x00000007dd880000,0x00000007de580000)
 ParOldGen       total 87040K, used 17527K [0x0000000780000000, 0x0000000785500000, 0x00000007d5500000)
  object space 87040K, 20% used [0x0000000780000000,0x000000078111dca0,0x0000000785500000)
 PSPermGen       total 33280K, used 32811K [0x000000077ae00000, 0x000000077ce80000, 0x0000000780000000)
  object space 33280K, 98% used [0x000000077ae00000,0x000000077ce0ae30,0x000000077ce80000)
GC Heap History (10 events):
Event: 4.441 GC heap before
{Heap before GC invocations=2 (full 0):
 PSYoungGen      total 38912K, used 37454K [0x00000007d5500000, 0x00000007d8000000, 0x0000000800000000)
  eden space 33792K, 95% used [0x00000007d5500000,0x00000007d7496d90,0x00000007d7600000)
  from space 5120K, 99% used [0x00000007d7600000,0x00000007d7afcc70,0x00000007d7b00000)
  to   space 5120K, 0% used [0x00000007d7b00000,0x00000007d7b00000,0x00000007d8000000)
 ParOldGen       total 87040K, used 2990K [0x0000000780000000, 0x0000000785500000, 0x00000007d5500000)
  object space 87040K, 3% used [0x0000000780000000,0x00000007802eba20,0x0000000785500000)
 PSPermGen       total 29184K, used 29131K [0x000000077ae00000, 0x000000077ca80000, 0x0000000780000000)
  object space 29184K, 99% used [0x000000077ae00000,0x000000077ca72f70,0x000000077ca80000)
Event: 4.458 GC heap after
Heap after GC invocations=2 (full 0):
 PSYoungGen      total 38912K, used 5116K [0x00000007d5500000, 0x00000007da100000, 0x0000000800000000)
  eden space 33792K, 0% used [0x00000007d5500000,0x00000007d5500000,0x00000007d7600000)
  from space 5120K, 99% used [0x00000007d7b00000,0x00000007d7fff2c0,0x00000007d8000000)
  to   space 5120K, 0% used [0x00000007d7600000,0x00000007d7600000,0x00000007d7b00000)
 ParOldGen       total 87040K, used 9304K [0x0000000780000000, 0x0000000785500000, 0x00000007d5500000)
  object space 87040K, 10% used [0x0000000780000000,0x0000000780916010,0x0000000785500000)
 PSPermGen       total 29184K, used 29131K [0x000000077ae00000, 0x000000077ca80000, 0x0000000780000000)
  object space 29184K, 99% used [0x000000077ae00000,0x000000077ca72f70,0x000000077ca80000)
}
Event: 4.511 GC heap before
{Heap before GC invocations=3 (full 0):
 PSYoungGen      total 38912K, used 38904K [0x00000007d5500000, 0x00000007da100000, 0x0000000800000000)
  eden space 33792K, 99% used [0x00000007d5500000,0x00000007d75fef10,0x00000007d7600000)
  from space 5120K, 99% used [0x00000007d7b00000,0x00000007d7fff2c0,0x00000007d8000000)
  to   space 5120K, 0% used [0x00000007d7600000,0x00000007d7600000,0x00000007d7b00000)
 ParOldGen       total 87040K, used 9304K [0x0000000780000000, 0x0000000785500000, 0x00000007d5500000)
  object space 87040K, 10% used [0x0000000780000000,0x0000000780916010,0x0000000785500000)
 PSPermGen       total 29696K, used 29515K [0x000000077ae00000, 0x000000077cb00000, 0x0000000780000000)
  object space 29696K, 99% used [0x000000077ae00000,0x000000077cad2fa0,0x000000077cb00000)
Event: 4.520 GC heap after
Heap after GC invocations=3 (full 0):
 PSYoungGen      total 38912K, used 5117K [0x00000007d5500000, 0x00000007da100000, 0x0000000800000000)
  eden space 33792K, 0% used [0x00000007d5500000,0x00000007d5500000,0x00000007d7600000)
  from space 5120K, 99% used [0x00000007d7600000,0x00000007d7aff4e0,0x00000007d7b00000)
  to   space 5120K, 0% used [0x00000007d9c00000,0x00000007d9c00000,0x00000007da100000)
 ParOldGen       total 87040K, used 12478K [0x0000000780000000, 0x0000000785500000, 0x00000007d5500000)
  object space 87040K, 14% used [0x0000000780000000,0x0000000780c2f930,0x0000000785500000)
 PSPermGen       total 29696K, used 29515K [0x000000077ae00000, 0x000000077cb00000, 0x0000000780000000)
  object space 29696K, 99% used [0x000000077ae00000,0x000000077cad2fa0,0x000000077cb00000)
}
Event: 4.533 GC heap before
{Heap before GC invocations=4 (full 0):
 PSYoungGen      total 38912K, used 38831K [0x00000007d5500000, 0x00000007da100000, 0x0000000800000000)
  eden space 33792K, 99% used [0x00000007d5500000,0x00000007d75ec800,0x00000007d7600000)
  from space 5120K, 99% used [0x00000007d7600000,0x00000007d7aff4e0,0x00000007d7b00000)
  to   space 5120K, 0% used [0x00000007d9c00000,0x00000007d9c00000,0x00000007da100000)
 ParOldGen       total 87040K, used 12478K [0x0000000780000000, 0x0000000785500000, 0x00000007d5500000)
  object space 87040K, 14% used [0x0000000780000000,0x0000000780c2f930,0x0000000785500000)
 PSPermGen       total 29696K, used 29518K [0x000000077ae00000, 0x000000077cb00000, 0x0000000780000000)
  object space 29696K, 99% used [0x000000077ae00000,0x000000077cad3968,0x000000077cb00000)
Event: 4.542 GC heap after
Heap after GC invocations=4 (full 0):
 PSYoungGen      total 72704K, used 5117K [0x00000007d5500000, 0x00000007da100000, 0x0000000800000000)
  eden space 67584K, 0% used [0x00000007d5500000,0x00000007d5500000,0x00000007d9700000)
  from space 5120K, 99% used [0x00000007d9c00000,0x00000007da0ff5b0,0x00000007da100000)
  to   space 5120K, 0% used [0x00000007d9700000,0x00000007d9700000,0x00000007d9c00000)
 ParOldGen       total 87040K, used 12678K [0x0000000780000000, 0x0000000785500000, 0x00000007d5500000)
  object space 87040K, 14% used [0x0000000780000000,0x0000000780c61a48,0x0000000785500000)
 PSPermGen       total 29696K, used 29518K [0x000000077ae00000, 0x000000077cb00000, 0x0000000780000000)
  object space 29696K, 99% used [0x000000077ae00000,0x000000077cad3968,0x000000077cb00000)
}
Event: 4.592 GC heap before
{Heap before GC invocations=5 (full 0):
 PSYoungGen      total 72704K, used 72642K [0x00000007d5500000, 0x00000007da100000, 0x0000000800000000)
  eden space 67584K, 99% used [0x00000007d5500000,0x00000007d96f12b8,0x00000007d9700000)
  from space 5120K, 99% used [0x00000007d9c00000,0x00000007da0ff5b0,0x00000007da100000)
  to   space 5120K, 0% used [0x00000007d9700000,0x00000007d9700000,0x00000007d9c00000)
 ParOldGen       total 87040K, used 12678K [0x0000000780000000, 0x0000000785500000, 0x00000007d5500000)
  object space 87040K, 14% used [0x0000000780000000,0x0000000780c61a48,0x0000000785500000)
 PSPermGen       total 29696K, used 29610K [0x000000077ae00000, 0x000000077cb00000, 0x0000000780000000)
  object space 29696K, 99% used [0x000000077ae00000,0x000000077caea8c8,0x000000077cb00000)
Event: 4.604 GC heap after
Heap after GC invocations=5 (full 0):
 PSYoungGen      total 72704K, used 5100K [0x00000007d5500000, 0x00000007df200000, 0x0000000800000000)
  eden space 67584K, 0% used [0x00000007d5500000,0x00000007d5500000,0x00000007d9700000)
  from space 5120K, 99% used [0x00000007d9700000,0x00000007d9bfb2b0,0x00000007d9c00000)
  to   space 12800K, 0% used [0x00000007de580000,0x00000007de580000,0x00000007df200000)
 ParOldGen       total 87040K, used 17527K [0x0000000780000000, 0x0000000785500000, 0x00000007d5500000)
  object space 87040K, 20% used [0x0000000780000000,0x000000078111dca0,0x0000000785500000)
 PSPermGen       total 29696K, used 29610K [0x000000077ae00000, 0x000000077cb00000, 0x0000000780000000)
  object space 29696K, 99% used [0x000000077ae00000,0x000000077caea8c8,0x000000077cb00000)
}
Event: 4.635 GC heap before
{Heap before GC invocations=6 (full 0):
 PSYoungGen      total 72704K, used 72645K [0x00000007d5500000, 0x00000007df200000, 0x0000000800000000)
  eden space 67584K, 99% used [0x00000007d5500000,0x00000007d96f62a0,0x00000007d9700000)
  from space 5120K, 99% used [0x00000007d9700000,0x00000007d9bfb2b0,0x00000007d9c00000)
  to   space 12800K, 0% used [0x00000007de580000,0x00000007de580000,0x00000007df200000)
 ParOldGen       total 87040K, used 17527K [0x0000000780000000, 0x0000000785500000, 0x00000007d5500000)
  object space 87040K, 20% used [0x0000000780000000,0x000000078111dca0,0x0000000785500000)
 PSPermGen       total 30208K, used 29709K [0x000000077ae00000, 0x000000077cb80000, 0x0000000780000000)
  object space 30208K, 98% used [0x000000077ae00000,0x000000077cb03740,0x000000077cb80000)
Event: 4.649 GC heap after
Heap after GC invocations=6 (full 0):
 PSYoungGen      total 147456K, used 5347K [0x00000007d5500000, 0x00000007df300000, 0x0000000800000000)
  eden space 134656K, 0% used [0x00000007d5500000,0x00000007d5500000,0x00000007dd880000)
  from space 12800K, 41% used [0x00000007de580000,0x00000007deab8e18,0x00000007df200000)
  to   space 13312K, 0% used [0x00000007dd880000,0x00000007dd880000,0x00000007de580000)
 ParOldGen       total 87040K, used 17527K [0x0000000780000000, 0x0000000785500000, 0x00000007d5500000)
  object space 87040K, 20% used [0x0000000780000000,0x000000078111dca0,0x0000000785500000)
 PSPermGen       total 30208K, used 29709K [0x000000077ae00000, 0x000000077cb80000, 0x0000000780000000)
  object space 30208K, 98% used [0x000000077ae00000,0x000000077cb03740,0x000000077cb80000)
}

