# JRE version: Java(TM) SE Runtime Environment (7.0_80-b15) (build 1.7.0_80-b15)
# Java VM: Java HotSpot(TM) 64-Bit Server VM (24.80-b11 mixed mode bsd-amd64 compressed oops)
Heap
 PSYoungGen      total 151040K, used 99841K [0x00000007d5500000, 0x00000007dfa00000, 0x0000000800000000)
  eden space 135168K, 71% used [0x00000007d5500000,0x00000007db2d2658,0x00000007dd900000)
  from space 15872K, 23% used [0x00000007dea80000,0x00000007dee2deb0,0x00000007dfa00000)
  to   space 16896K, 0% used [0x00000007dd900000,0x00000007dd900000,0x00000007de980000)
 ParOldGen       total 87040K, used 19221K [0x0000000780000000, 0x0000000785500000, 0x00000007d5500000)
  object space 87040K, 22% used [0x0000000780000000,0x00000007812c56b8,0x0000000785500000)
 PSPermGen       total 33280K, used 32780K [0x000000077ae00000, 0x000000077ce80000, 0x0000000780000000)
  object space 33280K, 98% used [0x000000077ae00000,0x000000077ce03068,0x000000077ce80000)
GC Heap History (10 events):
Event: 4.805 GC heap before
{Heap before GC invocations=2 (full 0):
 PSYoungGen      total 38912K, used 38899K [0x00000007d5500000, 0x00000007d8000000, 0x0000000800000000)
  eden space 33792K, 100% used [0x00000007d5500000,0x00000007d7600000,0x00000007d7600000)
  from space 5120K, 99% used [0x00000007d7600000,0x00000007d7afcc70,0x00000007d7b00000)
  to   space 5120K, 0% used [0x00000007d7b00000,0x00000007d7b00000,0x00000007d8000000)
 ParOldGen       total 87040K, used 2956K [0x0000000780000000, 0x0000000785500000, 0x00000007d5500000)
  object space 87040K, 3% used [0x0000000780000000,0x00000007802e3058,0x0000000785500000)
 PSPermGen       total 29696K, used 29438K [0x000000077ae00000, 0x000000077cb00000, 0x0000000780000000)
  object space 29696K, 99% used [0x000000077ae00000,0x000000077cabf920,0x000000077cb00000)
Event: 4.826 GC heap after
Heap after GC invocations=2 (full 0):
 PSYoungGen      total 38912K, used 5098K [0x00000007d5500000, 0x00000007da100000, 0x0000000800000000)
  eden space 33792K, 0% used [0x00000007d5500000,0x00000007d5500000,0x00000007d7600000)
  from space 5120K, 99% used [0x00000007d7b00000,0x00000007d7ffa860,0x00000007d8000000)
  to   space 5120K, 0% used [0x00000007d7600000,0x00000007d7600000,0x00000007d7b00000)
 ParOldGen       total 87040K, used 13924K [0x0000000780000000, 0x0000000785500000, 0x00000007d5500000)
  object space 87040K, 15% used [0x0000000780000000,0x0000000780d99210,0x0000000785500000)
 PSPermGen       total 29696K, used 29438K [0x000000077ae00000, 0x000000077cb00000, 0x0000000780000000)
  object space 29696K, 99% used [0x000000077ae00000,0x000000077cabf920,0x000000077cb00000)
}
Event: 4.933 GC heap before
{Heap before GC invocations=3 (full 0):
 PSYoungGen      total 38912K, used 38862K [0x00000007d5500000, 0x00000007da100000, 0x0000000800000000)
  eden space 33792K, 99% used [0x00000007d5500000,0x00000007d75f9338,0x00000007d7600000)
  from space 5120K, 99% used [0x00000007d7b00000,0x00000007d7ffa860,0x00000007d8000000)
  to   space 5120K, 0% used [0x00000007d7600000,0x00000007d7600000,0x00000007d7b00000)
 ParOldGen       total 87040K, used 13924K [0x0000000780000000, 0x0000000785500000, 0x00000007d5500000)
  object space 87040K, 15% used [0x0000000780000000,0x0000000780d99210,0x0000000785500000)
 PSPermGen       total 30208K, used 29799K [0x000000077ae00000, 0x000000077cb80000, 0x0000000780000000)
  object space 30208K, 98% used [0x000000077ae00000,0x000000077cb19d38,0x000000077cb80000)
Event: 4.938 GC heap after
Heap after GC invocations=3 (full 0):
 PSYoungGen      total 38912K, used 5112K [0x00000007d5500000, 0x00000007da100000, 0x0000000800000000)
  eden space 33792K, 0% used [0x00000007d5500000,0x00000007d5500000,0x00000007d7600000)
  from space 5120K, 99% used [0x00000007d7600000,0x00000007d7afe3c8,0x00000007d7b00000)
  to   space 5120K, 0% used [0x00000007d9c00000,0x00000007d9c00000,0x00000007da100000)
 ParOldGen       total 87040K, used 14340K [0x0000000780000000, 0x0000000785500000, 0x00000007d5500000)
  object space 87040K, 16% used [0x0000000780000000,0x0000000780e01228,0x0000000785500000)
 PSPermGen       total 30208K, used 29799K [0x000000077ae00000, 0x000000077cb80000, 0x0000000780000000)
  object space 30208K, 98% used [0x000000077ae00000,0x000000077cb19d38,0x000000077cb80000)
}
Event: 4.945 GC heap before
{Heap before GC invocations=4 (full 0):
 PSYoungGen      total 38912K, used 38843K [0x00000007d5500000, 0x00000007da100000, 0x0000000800000000)
  eden space 33792K, 99% used [0x00000007d5500000,0x00000007d75f08e8,0x00000007d7600000)
  from space 5120K, 99% used [0x00000007d7600000,0x00000007d7afe3c8,0x00000007d7b00000)
  to   space 5120K, 0% used [0x00000007d9c00000,0x00000007d9c00000,0x00000007da100000)
 ParOldGen       total 87040K, used 14340K [0x0000000780000000, 0x0000000785500000, 0x00000007d5500000)
  object space 87040K, 16% used [0x0000000780000000,0x0000000780e01228,0x0000000785500000)
 PSPermGen       total 30208K, used 29801K [0x000000077ae00000, 0x000000077cb80000, 0x0000000780000000)
  object space 30208K, 98% used [0x000000077ae00000,0x000000077cb1a5a8,0x000000077cb80000)
Event: 4.951 GC heap after
Heap after GC invocations=4 (full 0):
 PSYoungGen      total 72704K, used 3599K [0x00000007d5500000, 0x00000007da100000, 0x0000000800000000)
  eden space 67584K, 0% used [0x00000007d5500000,0x00000007d5500000,0x00000007d9700000)
  from space 5120K, 70% used [0x00000007d9c00000,0x00000007d9f83f10,0x00000007da100000)
  to   space 5120K, 0% used [0x00000007d9700000,0x00000007d9700000,0x00000007d9c00000)
 ParOldGen       total 87040K, used 19221K [0x0000000780000000, 0x0000000785500000, 0x00000007d5500000)
  object space 87040K, 22% used [0x0000000780000000,0x00000007812c56b8,0x0000000785500000)
 PSPermGen       total 30208K, used 29801K [0x000000077ae00000, 0x000000077cb80000, 0x0000000780000000)
  object space 30208K, 98% used [0x000000077ae00000,0x000000077cb1a5a8,0x000000077cb80000)
}
Event: 4.976 GC heap before
{Heap before GC invocations=5 (full 0):
 PSYoungGen      total 72704K, used 71130K [0x00000007d5500000, 0x00000007da100000, 0x0000000800000000)
  eden space 67584K, 99% used [0x00000007d5500000,0x00000007d96f2ce8,0x00000007d9700000)
  from space 5120K, 70% used [0x00000007d9c00000,0x00000007d9f83f10,0x00000007da100000)
  to   space 5120K, 0% used [0x00000007d9700000,0x00000007d9700000,0x00000007d9c00000)
 ParOldGen       total 87040K, used 19221K [0x0000000780000000, 0x0000000785500000, 0x00000007d5500000)
  object space 87040K, 22% used [0x0000000780000000,0x00000007812c56b8,0x0000000785500000)
 PSPermGen       total 30208K, used 29836K [0x000000077ae00000, 0x000000077cb80000, 0x0000000780000000)
  object space 30208K, 98% used [0x000000077ae00000,0x000000077cb23240,0x000000077cb80000)
Event: 4.983 GC heap after
Heap after GC invocations=5 (full 0):
 PSYoungGen      total 72704K, used 3688K [0x00000007d5500000, 0x00000007dfc00000, 0x0000000800000000)
  eden space 67584K, 0% used [0x00000007d5500000,0x00000007d5500000,0x00000007d9700000)
  from space 5120K, 72% used [0x00000007d9700000,0x00000007d9a9a1f8,0x00000007d9c00000)
  to   space 17920K, 0% used [0x00000007dea80000,0x00000007dea80000,0x00000007dfc00000)
 ParOldGen       total 87040K, used 19221K [0x0000000780000000, 0x0000000785500000, 0x00000007d5500000)
  object space 87040K, 22% used [0x0000000780000000,0x00000007812c56b8,0x0000000785500000)
 PSPermGen       total 30208K, used 29836K [0x000000077ae00000, 0x000000077cb80000, 0x0000000780000000)
  object space 30208K, 98% used [0x000000077ae00000,0x000000077cb23240,0x000000077cb80000)
}
Event: 5.000 GC heap before
{Heap before GC invocations=6 (full 0):
 PSYoungGen      total 72704K, used 71201K [0x00000007d5500000, 0x00000007dfc00000, 0x0000000800000000)
  eden space 67584K, 99% used [0x00000007d5500000,0x00000007d96ee3e8,0x00000007d9700000)
  from space 5120K, 72% used [0x00000007d9700000,0x00000007d9a9a1f8,0x00000007d9c00000)
  to   space 17920K, 0% used [0x00000007dea80000,0x00000007dea80000,0x00000007dfc00000)
 ParOldGen       total 87040K, used 19221K [0x0000000780000000, 0x0000000785500000, 0x00000007d5500000)
  object space 87040K, 22% used [0x0000000780000000,0x00000007812c56b8,0x0000000785500000)
 PSPermGen       total 30208K, used 29836K [0x000000077ae00000, 0x000000077cb80000, 0x0000000780000000)
  object space 30208K, 98% used [0x000000077ae00000,0x000000077cb23240,0x000000077cb80000)
Event: 5.008 GC heap after
Heap after GC invocations=6 (full 0):
 PSYoungGen      total 151040K, used 3767K [0x00000007d5500000, 0x00000007dfa00000, 0x0000000800000000)
  eden space 135168K, 0% used [0x00000007d5500000,0x00000007d5500000,0x00000007dd900000)
  from space 15872K, 23% used [0x00000007dea80000,0x00000007dee2deb0,0x00000007dfa00000)
  to   space 16896K, 0% used [0x00000007dd900000,0x00000007dd900000,0x00000007de980000)
 ParOldGen       total 87040K, used 19221K [0x0000000780000000, 0x0000000785500000, 0x00000007d5500000)
  object space 87040K, 22% used [0x0000000780000000,0x00000007812c56b8,0x0000000785500000)
 PSPermGen       total 30208K, used 29836K [0x000000077ae00000, 0x000000077cb80000, 0x0000000780000000)
  object space 30208K, 98% used [0x000000077ae00000,0x000000077cb23240,0x000000077cb80000)
}

