# JRE version: Java(TM) SE Runtime Environment (7.0_80-b15) (build 1.7.0_80-b15)
# Java VM: Java HotSpot(TM) 64-Bit Server VM (24.80-b11 mixed mode bsd-amd64 compressed oops)
Heap
 PSYoungGen      total 149504K, used 104739K [0x00000007d5500000, 0x00000007df600000, 0x0000000800000000)
  eden space 135168K, 73% used [0x00000007d5500000,0x00000007db62c790,0x00000007dd900000)
  from space 14336K, 36% used [0x00000007de800000,0x00000007ded1c7a0,0x00000007df600000)
  to   space 14848K, 0% used [0x00000007dd900000,0x00000007dd900000,0x00000007de780000)
 ParOldGen       total 87040K, used 12897K [0x0000000780000000, 0x0000000785500000, 0x00000007d5500000)
  object space 87040K, 14% used [0x0000000780000000,0x0000000780c98570,0x0000000785500000)
 PSPermGen       total 33280K, used 32873K [0x000000077ae00000, 0x000000077ce80000, 0x0000000780000000)
  object space 33280K, 98% used [0x000000077ae00000,0x000000077ce1a5b8,0x000000077ce80000)
GC Heap History (10 events):
Event: 4.947 GC heap before
{Heap before GC invocations=2 (full 0):
 PSYoungGen      total 38912K, used 38887K [0x00000007d5500000, 0x00000007d8000000, 0x0000000800000000)
  eden space 33792K, 99% used [0x00000007d5500000,0x00000007d75fd0d8,0x00000007d7600000)
  from space 5120K, 99% used [0x00000007d7600000,0x00000007d7afcc70,0x00000007d7b00000)
  to   space 5120K, 0% used [0x00000007d7b00000,0x00000007d7b00000,0x00000007d8000000)
 ParOldGen       total 87040K, used 2926K [0x0000000780000000, 0x0000000785500000, 0x00000007d5500000)
  object space 87040K, 3% used [0x0000000780000000,0x00000007802db890,0x0000000785500000)
 PSPermGen       total 29696K, used 29384K [0x000000077ae00000, 0x000000077cb00000, 0x0000000780000000)
  object space 29696K, 98% used [0x000000077ae00000,0x000000077cab2130,0x000000077cb00000)
Event: 4.968 GC heap after
Heap after GC invocations=2 (full 0):
 PSYoungGen      total 38912K, used 5096K [0x00000007d5500000, 0x00000007da100000, 0x0000000800000000)
  eden space 33792K, 0% used [0x00000007d5500000,0x00000007d5500000,0x00000007d7600000)
  from space 5120K, 99% used [0x00000007d7b00000,0x00000007d7ffa0c8,0x00000007d8000000)
  to   space 5120K, 0% used [0x00000007d7600000,0x00000007d7600000,0x00000007d7b00000)
 ParOldGen       total 87040K, used 12302K [0x0000000780000000, 0x0000000785500000, 0x00000007d5500000)
  object space 87040K, 14% used [0x0000000780000000,0x0000000780c03948,0x0000000785500000)
 PSPermGen       total 29696K, used 29384K [0x000000077ae00000, 0x000000077cb00000, 0x0000000780000000)
  object space 29696K, 98% used [0x000000077ae00000,0x000000077cab2130,0x000000077cb00000)
}
Event: 5.053 GC heap before
{Heap before GC invocations=3 (full 0):
 PSYoungGen      total 38912K, used 38872K [0x00000007d5500000, 0x00000007da100000, 0x0000000800000000)
  eden space 33792K, 99% used [0x00000007d5500000,0x00000007d75fc268,0x00000007d7600000)
  from space 5120K, 99% used [0x00000007d7b00000,0x00000007d7ffa0c8,0x00000007d8000000)
  to   space 5120K, 0% used [0x00000007d7600000,0x00000007d7600000,0x00000007d7b00000)
 ParOldGen       total 87040K, used 12302K [0x0000000780000000, 0x0000000785500000, 0x00000007d5500000)
  object space 87040K, 14% used [0x0000000780000000,0x0000000780c03948,0x0000000785500000)
 PSPermGen       total 29696K, used 29638K [0x000000077ae00000, 0x000000077cb00000, 0x0000000780000000)
  object space 29696K, 99% used [0x000000077ae00000,0x000000077caf1be0,0x000000077cb00000)
Event: 5.060 GC heap after
Heap after GC invocations=3 (full 0):
 PSYoungGen      total 38912K, used 5101K [0x00000007d5500000, 0x00000007da100000, 0x0000000800000000)
  eden space 33792K, 0% used [0x00000007d5500000,0x00000007d5500000,0x00000007d7600000)
  from space 5120K, 99% used [0x00000007d7600000,0x00000007d7afb720,0x00000007d7b00000)
  to   space 5120K, 0% used [0x00000007d9c00000,0x00000007d9c00000,0x00000007da100000)
 ParOldGen       total 87040K, used 12666K [0x0000000780000000, 0x0000000785500000, 0x00000007d5500000)
  object space 87040K, 14% used [0x0000000780000000,0x0000000780c5e970,0x0000000785500000)
 PSPermGen       total 29696K, used 29638K [0x000000077ae00000, 0x000000077cb00000, 0x0000000780000000)
  object space 29696K, 99% used [0x000000077ae00000,0x000000077caf1be0,0x000000077cb00000)
}
Event: 5.092 GC heap before
{Heap before GC invocations=4 (full 0):
 PSYoungGen      total 38912K, used 38824K [0x00000007d5500000, 0x00000007da100000, 0x0000000800000000)
  eden space 33792K, 99% used [0x00000007d5500000,0x00000007d75eec10,0x00000007d7600000)
  from space 5120K, 99% used [0x00000007d7600000,0x00000007d7afb720,0x00000007d7b00000)
  to   space 5120K, 0% used [0x00000007d9c00000,0x00000007d9c00000,0x00000007da100000)
 ParOldGen       total 87040K, used 12666K [0x0000000780000000, 0x0000000785500000, 0x00000007d5500000)
  object space 87040K, 14% used [0x0000000780000000,0x0000000780c5e970,0x0000000785500000)
 PSPermGen       total 30208K, used 29762K [0x000000077ae00000, 0x000000077cb80000, 0x0000000780000000)
  object space 30208K, 98% used [0x000000077ae00000,0x000000077cb109b0,0x000000077cb80000)
Event: 5.101 GC heap after
Heap after GC invocations=4 (full 0):
 PSYoungGen      total 72704K, used 5098K [0x00000007d5500000, 0x00000007da100000, 0x0000000800000000)
  eden space 67584K, 0% used [0x00000007d5500000,0x00000007d5500000,0x00000007d9700000)
  from space 5120K, 99% used [0x00000007d9c00000,0x00000007da0faa28,0x00000007da100000)
  to   space 5120K, 0% used [0x00000007d9700000,0x00000007d9700000,0x00000007d9c00000)
 ParOldGen       total 87040K, used 12796K [0x0000000780000000, 0x0000000785500000, 0x00000007d5500000)
  object space 87040K, 14% used [0x0000000780000000,0x0000000780c7f0f8,0x0000000785500000)
 PSPermGen       total 30208K, used 29762K [0x000000077ae00000, 0x000000077cb80000, 0x0000000780000000)
  object space 30208K, 98% used [0x000000077ae00000,0x000000077cb109b0,0x000000077cb80000)
}
Event: 5.143 GC heap before
{Heap before GC invocations=5 (full 0):
 PSYoungGen      total 72704K, used 72618K [0x00000007d5500000, 0x00000007da100000, 0x0000000800000000)
  eden space 67584K, 99% used [0x00000007d5500000,0x00000007d96efe10,0x00000007d9700000)
  from space 5120K, 99% used [0x00000007d9c00000,0x00000007da0faa28,0x00000007da100000)
  to   space 5120K, 0% used [0x00000007d9700000,0x00000007d9700000,0x00000007d9c00000)
 ParOldGen       total 87040K, used 12796K [0x0000000780000000, 0x0000000785500000, 0x00000007d5500000)
  object space 87040K, 14% used [0x0000000780000000,0x0000000780c7f0f8,0x0000000785500000)
 PSPermGen       total 30208K, used 29840K [0x000000077ae00000, 0x000000077cb80000, 0x0000000780000000)
  object space 30208K, 98% used [0x000000077ae00000,0x000000077cb24100,0x000000077cb80000)
Event: 5.152 GC heap after
Heap after GC invocations=5 (full 0):
 PSYoungGen      total 72704K, used 5090K [0x00000007d5500000, 0x00000007df700000, 0x0000000800000000)
  eden space 67584K, 0% used [0x00000007d5500000,0x00000007d5500000,0x00000007d9700000)
  from space 5120K, 99% used [0x00000007d9700000,0x00000007d9bf8bd0,0x00000007d9c00000)
  to   space 15360K, 0% used [0x00000007de800000,0x00000007de800000,0x00000007df700000)
 ParOldGen       total 87040K, used 12897K [0x0000000780000000, 0x0000000785500000, 0x00000007d5500000)
  object space 87040K, 14% used [0x0000000780000000,0x0000000780c98570,0x0000000785500000)
 PSPermGen       total 30208K, used 29840K [0x000000077ae00000, 0x000000077cb80000, 0x0000000780000000)
  object space 30208K, 98% used [0x000000077ae00000,0x000000077cb24100,0x000000077cb80000)
}
Event: 5.170 GC heap before
{Heap before GC invocations=6 (full 0):
 PSYoungGen      total 72704K, used 72629K [0x00000007d5500000, 0x00000007df700000, 0x0000000800000000)
  eden space 67584K, 99% used [0x00000007d5500000,0x00000007d96f4998,0x00000007d9700000)
  from space 5120K, 99% used [0x00000007d9700000,0x00000007d9bf8bd0,0x00000007d9c00000)
  to   space 15360K, 0% used [0x00000007de800000,0x00000007de800000,0x00000007df700000)
 ParOldGen       total 87040K, used 12897K [0x0000000780000000, 0x0000000785500000, 0x00000007d5500000)
  object space 87040K, 14% used [0x0000000780000000,0x0000000780c98570,0x0000000785500000)
 PSPermGen       total 30208K, used 29851K [0x000000077ae00000, 0x000000077cb80000, 0x0000000780000000)
  object space 30208K, 98% used [0x000000077ae00000,0x000000077cb26cd0,0x000000077cb80000)
Event: 5.179 GC heap after
Heap after GC invocations=6 (full 0):
 PSYoungGen      total 149504K, used 5233K [0x00000007d5500000, 0x00000007df600000, 0x0000000800000000)
  eden space 135168K, 0% used [0x00000007d5500000,0x00000007d5500000,0x00000007dd900000)
  from space 14336K, 36% used [0x00000007de800000,0x00000007ded1c7a0,0x00000007df600000)
  to   space 14848K, 0% used [0x00000007dd900000,0x00000007dd900000,0x00000007de780000)
 ParOldGen       total 87040K, used 12897K [0x0000000780000000, 0x0000000785500000, 0x00000007d5500000)
  object space 87040K, 14% used [0x0000000780000000,0x0000000780c98570,0x0000000785500000)
 PSPermGen       total 30208K, used 29851K [0x000000077ae00000, 0x000000077cb80000, 0x0000000780000000)
  object space 30208K, 98% used [0x000000077ae00000,0x000000077cb26cd0,0x000000077cb80000)
}

