# JRE version: Java(TM) SE Runtime Environment (7.0_80-b15) (build 1.7.0_80-b15)
# Java VM: Java HotSpot(TM) 64-Bit Server VM (24.80-b11 mixed mode bsd-amd64 compressed oops)
Heap
 PSYoungGen      total 149504K, used 105604K [0x00000007d5500000, 0x00000007df600000, 0x0000000800000000)
  eden space 135168K, 74% used [0x00000007d5500000,0x00000007db711690,0x00000007dd900000)
  from space 14336K, 36% used [0x00000007de800000,0x00000007ded0f9e0,0x00000007df600000)
  to   space 14848K, 0% used [0x00000007dd900000,0x00000007dd900000,0x00000007de780000)
 ParOldGen       total 87040K, used 16751K [0x0000000780000000, 0x0000000785500000, 0x00000007d5500000)
  object space 87040K, 19% used [0x0000000780000000,0x000000078105bca8,0x0000000785500000)
 PSPermGen       total 33280K, used 32817K [0x000000077ae00000, 0x000000077ce80000, 0x0000000780000000)
  object space 33280K, 98% used [0x000000077ae00000,0x000000077ce0c770,0x000000077ce80000)
GC Heap History (10 events):
Event: 4.695 GC heap before
{Heap before GC invocations=2 (full 0):
 PSYoungGen      total 38912K, used 38899K [0x00000007d5500000, 0x00000007d8000000, 0x0000000800000000)
  eden space 33792K, 100% used [0x00000007d5500000,0x00000007d7600000,0x00000007d7600000)
  from space 5120K, 99% used [0x00000007d7600000,0x00000007d7afcc90,0x00000007d7b00000)
  to   space 5120K, 0% used [0x00000007d7b00000,0x00000007d7b00000,0x00000007d8000000)
 ParOldGen       total 87040K, used 2951K [0x0000000780000000, 0x0000000785500000, 0x00000007d5500000)
  object space 87040K, 3% used [0x0000000780000000,0x00000007802e1f40,0x0000000785500000)
 PSPermGen       total 29696K, used 29312K [0x000000077ae00000, 0x000000077cb00000, 0x0000000780000000)
  object space 29696K, 98% used [0x000000077ae00000,0x000000077caa0378,0x000000077cb00000)
Event: 4.710 GC heap after
Heap after GC invocations=2 (full 0):
 PSYoungGen      total 38912K, used 5118K [0x00000007d5500000, 0x00000007da100000, 0x0000000800000000)
  eden space 33792K, 0% used [0x00000007d5500000,0x00000007d5500000,0x00000007d7600000)
  from space 5120K, 99% used [0x00000007d7b00000,0x00000007d7fff818,0x00000007d8000000)
  to   space 5120K, 0% used [0x00000007d7600000,0x00000007d7600000,0x00000007d7b00000)
 ParOldGen       total 87040K, used 12089K [0x0000000780000000, 0x0000000785500000, 0x00000007d5500000)
  object space 87040K, 13% used [0x0000000780000000,0x0000000780bce620,0x0000000785500000)
 PSPermGen       total 29696K, used 29312K [0x000000077ae00000, 0x000000077cb00000, 0x0000000780000000)
  object space 29696K, 98% used [0x000000077ae00000,0x000000077caa0378,0x000000077cb00000)
}
Event: 4.779 GC heap before
{Heap before GC invocations=3 (full 0):
 PSYoungGen      total 38912K, used 38858K [0x00000007d5500000, 0x00000007da100000, 0x0000000800000000)
  eden space 33792K, 99% used [0x00000007d5500000,0x00000007d75f3298,0x00000007d7600000)
  from space 5120K, 99% used [0x00000007d7b00000,0x00000007d7fff818,0x00000007d8000000)
  to   space 5120K, 0% used [0x00000007d7600000,0x00000007d7600000,0x00000007d7b00000)
 ParOldGen       total 87040K, used 16387K [0x0000000780000000, 0x0000000785500000, 0x00000007d5500000)
  object space 87040K, 18% used [0x0000000780000000,0x0000000781000d40,0x0000000785500000)
 PSPermGen       total 29696K, used 29391K [0x000000077ae00000, 0x000000077cb00000, 0x0000000780000000)
  object space 29696K, 98% used [0x000000077ae00000,0x000000077cab3cb8,0x000000077cb00000)
Event: 4.787 GC heap after
Heap after GC invocations=3 (full 0):
 PSYoungGen      total 38912K, used 5093K [0x00000007d5500000, 0x00000007da100000, 0x0000000800000000)
  eden space 33792K, 0% used [0x00000007d5500000,0x00000007d5500000,0x00000007d7600000)
  from space 5120K, 99% used [0x00000007d7600000,0x00000007d7af94c8,0x00000007d7b00000)
  to   space 5120K, 0% used [0x00000007d9c00000,0x00000007d9c00000,0x00000007da100000)
 ParOldGen       total 87040K, used 16590K [0x0000000780000000, 0x0000000785500000, 0x00000007d5500000)
  object space 87040K, 19% used [0x0000000780000000,0x0000000781033b48,0x0000000785500000)
 PSPermGen       total 29696K, used 29391K [0x000000077ae00000, 0x000000077cb00000, 0x0000000780000000)
  object space 29696K, 98% used [0x000000077ae00000,0x000000077cab3cb8,0x000000077cb00000)
}
Event: 4.793 GC heap before
{Heap before GC invocations=4 (full 0):
 PSYoungGen      total 38912K, used 38841K [0x00000007d5500000, 0x00000007da100000, 0x0000000800000000)
  eden space 33792K, 99% used [0x00000007d5500000,0x00000007d75f51d0,0x00000007d7600000)
  from space 5120K, 99% used [0x00000007d7600000,0x00000007d7af94c8,0x00000007d7b00000)
  to   space 5120K, 0% used [0x00000007d9c00000,0x00000007d9c00000,0x00000007da100000)
 ParOldGen       total 87040K, used 16590K [0x0000000780000000, 0x0000000785500000, 0x00000007d5500000)
  object space 87040K, 19% used [0x0000000780000000,0x0000000781033b48,0x0000000785500000)
 PSPermGen       total 29696K, used 29391K [0x000000077ae00000, 0x000000077cb00000, 0x0000000780000000)
  object space 29696K, 98% used [0x000000077ae00000,0x000000077cab3cb8,0x000000077cb00000)
Event: 4.802 GC heap after
Heap after GC invocations=4 (full 0):
 PSYoungGen      total 72704K, used 5111K [0x00000007d5500000, 0x00000007da100000, 0x0000000800000000)
  eden space 67584K, 0% used [0x00000007d5500000,0x00000007d5500000,0x00000007d9700000)
  from space 5120K, 99% used [0x00000007d9c00000,0x00000007da0fdea8,0x00000007da100000)
  to   space 5120K, 0% used [0x00000007d9700000,0x00000007d9700000,0x00000007d9c00000)
 ParOldGen       total 87040K, used 16695K [0x0000000780000000, 0x0000000785500000, 0x00000007d5500000)
  object space 87040K, 19% used [0x0000000780000000,0x000000078104dca8,0x0000000785500000)
 PSPermGen       total 29696K, used 29391K [0x000000077ae00000, 0x000000077cb00000, 0x0000000780000000)
  object space 29696K, 98% used [0x000000077ae00000,0x000000077cab3cb8,0x000000077cb00000)
}
Event: 4.827 GC heap before
{Heap before GC invocations=5 (full 0):
 PSYoungGen      total 72704K, used 72597K [0x00000007d5500000, 0x00000007da100000, 0x0000000800000000)
  eden space 67584K, 99% used [0x00000007d5500000,0x00000007d96e78f8,0x00000007d9700000)
  from space 5120K, 99% used [0x00000007d9c00000,0x00000007da0fdea8,0x00000007da100000)
  to   space 5120K, 0% used [0x00000007d9700000,0x00000007d9700000,0x00000007d9c00000)
 ParOldGen       total 87040K, used 16695K [0x0000000780000000, 0x0000000785500000, 0x00000007d5500000)
  object space 87040K, 19% used [0x0000000780000000,0x000000078104dca8,0x0000000785500000)
 PSPermGen       total 29696K, used 29391K [0x000000077ae00000, 0x000000077cb00000, 0x0000000780000000)
  object space 29696K, 98% used [0x000000077ae00000,0x000000077cab3cb8,0x000000077cb00000)
Event: 4.835 GC heap after
Heap after GC invocations=5 (full 0):
 PSYoungGen      total 72704K, used 5119K [0x00000007d5500000, 0x00000007df700000, 0x0000000800000000)
  eden space 67584K, 0% used [0x00000007d5500000,0x00000007d5500000,0x00000007d9700000)
  from space 5120K, 99% used [0x00000007d9700000,0x00000007d9bffeb0,0x00000007d9c00000)
  to   space 15360K, 0% used [0x00000007de800000,0x00000007de800000,0x00000007df700000)
 ParOldGen       total 87040K, used 16751K [0x0000000780000000, 0x0000000785500000, 0x00000007d5500000)
  object space 87040K, 19% used [0x0000000780000000,0x000000078105bca8,0x0000000785500000)
 PSPermGen       total 29696K, used 29391K [0x000000077ae00000, 0x000000077cb00000, 0x0000000780000000)
  object space 29696K, 98% used [0x000000077ae00000,0x000000077cab3cb8,0x000000077cb00000)
}
Event: 4.847 GC heap before
{Heap before GC invocations=6 (full 0):
 PSYoungGen      total 72704K, used 72567K [0x00000007d5500000, 0x00000007df700000, 0x0000000800000000)
  eden space 67584K, 99% used [0x00000007d5500000,0x00000007d96ddf28,0x00000007d9700000)
  from space 5120K, 99% used [0x00000007d9700000,0x00000007d9bffeb0,0x00000007d9c00000)
  to   space 15360K, 0% used [0x00000007de800000,0x00000007de800000,0x00000007df700000)
 ParOldGen       total 87040K, used 16751K [0x0000000780000000, 0x0000000785500000, 0x00000007d5500000)
  object space 87040K, 19% used [0x0000000780000000,0x000000078105bca8,0x0000000785500000)
 PSPermGen       total 29696K, used 29391K [0x000000077ae00000, 0x000000077cb00000, 0x0000000780000000)
  object space 29696K, 98% used [0x000000077ae00000,0x000000077cab3cb8,0x000000077cb00000)
Event: 4.856 GC heap after
Heap after GC invocations=6 (full 0):
 PSYoungGen      total 149504K, used 5182K [0x00000007d5500000, 0x00000007df600000, 0x0000000800000000)
  eden space 135168K, 0% used [0x00000007d5500000,0x00000007d5500000,0x00000007dd900000)
  from space 14336K, 36% used [0x00000007de800000,0x00000007ded0f9e0,0x00000007df600000)
  to   space 14848K, 0% used [0x00000007dd900000,0x00000007dd900000,0x00000007de780000)
 ParOldGen       total 87040K, used 16751K [0x0000000780000000, 0x0000000785500000, 0x00000007d5500000)
  object space 87040K, 19% used [0x0000000780000000,0x000000078105bca8,0x0000000785500000)
 PSPermGen       total 29696K, used 29391K [0x000000077ae00000, 0x000000077cb00000, 0x0000000780000000)
  object space 29696K, 98% used [0x000000077ae00000,0x000000077cab3cb8,0x000000077cb00000)
}

